<beans xmlns="http://www.springframework.org/schema/beans"
       xmlns:xsi="http://www.w3.org/2001/XMLSchema-instance"
       xmlns:context="http://www.springframework.org/schema/context"
       xmlns:p="http://www.springframework.org/schema/p"
       xmlns:tx="http://www.springframework.org/schema/tx" xmlns:jdbc="http://www.springframework.org/schema/jdbc"
       xsi:schemaLocation="http://www.springframework.org/schema/beans
       http://www.springframework.org/schema/beans/spring-beans-2.5.xsd
       http://www.springframework.org/schema/context
       http://www.springframework.org/schema/context/spring-context-2.5.xsd
       http://www.springframework.org/schema/tx
       http://www.springframework.org/schema/tx/spring-tx-2.5.xsd http://www.springframework.org/schema/jdbc http://www.springframework.org/schema/jdbc/spring-jdbc.xsd">

    <context:component-scan base-package="draw_it"/>


    <context:property-placeholder location="classpath:application.properties"/>

    <bean id="dataSource" class="com.zaxxer.hikari.HikariDataSource"
          p:driverClassName="${jdbc.driverClassName}"
          p:jdbcUrl="${jdbc.url}"
          p:username="${jdbc.username}"
          p:password="${jdbc.password}"/>

    <!--<bean id="sessionFactory" class="org.springframework.orm.hibernate4.LocalSessionFactoryBean">-->
        <!--<property name="dataSource" ref="dataSource"/>-->
        <!--<property name="annotatedClasses">-->
            <!--<list>-->
                <!--<value>draw_it.data.user.UserProfile</value>-->
            <!--</list>-->
        <!--</property>-->
        <!--<property name="hibernateProperties">-->
            <!--<value>-->
                <!--hibernate.dialect=org.hibernate.dialect.MySQLDialect-->
            <!--</value>-->
        <!--</property>-->
    <!--</bean>-->


    <bean id="entityManagerFactory" class="org.springframework.orm.jpa.LocalContainerEntityManagerFactoryBean"
          p:packagesToScan="draw_it.data"
          p:dataSource-ref="dataSource"
            >
        <property name="jpaVendorAdapter">
            <bean class="org.springframework.orm.jpa.vendor.HibernateJpaVendorAdapter">
                <property name="generateDdl" value="true" />
                <property name="showSql" value="true" />
            </bean>
        </property>
        <property name="jpaDialect" value="hibernate.dialect"/>
    </bean>

    <!-- Transactions -->
    <bean id="transactionManager" class="org.springframework.orm.jpa.JpaTransactionManager">
        <property name="entityManagerFactory" ref="entityManagerFactory" />
    </bean>
    <tx:annotation-driven transaction-manager="transactionManager" />


    <tx:annotation-driven/>
    <!--<bean id="transactionManager" class="org.springframework.orm.hibernate4.HibernateTransactionManager"-->
          <!--p:sessionFactory-ref="sessionFactory"/>-->

    <tx:annotation-driven transaction-manager="transactionManager"/>


    <!--Test-->
    <jdbc:embedded-database id="dataSourceEmbedded">
        <jdbc:script location="classpath:tests/CreateTestData.sql" />
    </jdbc:embedded-database>

    <bean id="dbFiller" class="draw_it.db_unit.DataBaseFiller">
        <constructor-arg ref="dataSourceEmbedded"/>
        <constructor-arg value="./src/main/resources/tests/test-data.xml"/>
    </bean>

    <bean id="jdbcTemplate" class="org.springframework.jdbc.core.JdbcTemplate">
        <constructor-arg ref="dataSourceEmbedded"/>
    </bean>

</beans>